<?xml version="1.0" encoding="UTF-8"?>
<testsuite name="com.target.automation.runners.AgregarProductoRunner" tests="0" skipped="0" failures="0" errors="0" timestamp="1970-01-01T00:00:00" hostname="CPX-BWG2LK295OL" time="0.0">
  <properties/>
  <system-out><![CDATA[
?[31mFailed scenarios:?[0m
?[31msrc/test/resources/features/agregar_producto.feature:5 ?[0m# Agregar un nuevo producto

1 Scenarios (?[31m1 failed?[0m)
6 Steps (?[31m1 failed?[0m, ?[36m3 skipped?[0m, ?[32m2 passed?[0m)
0m16.836s

java.lang.NullPointerException
	at com.target.automation.steps.AgregarProductoSteps.ingresarProducto(AgregarProductoSteps.java:46)
	at com.target.automation.stepdefinitions.AgregarProductoStepDefinitions.elUsuarioBusca(AgregarProductoStepDefinitions.java:38)
	at ?.el Usuario busca "womens shoes"(src/test/resources/features/agregar_producto.feature:8)

]]></system-out>
  <system-err><![CDATA[[Test worker] INFO net.thucydides.core.steps.ConsoleLoggingListener - 

-------------------------------------------------------------------------------------
     _______. _______ .______       _______ .__   __.  __  .___________.____    ____ 
    /       ||   ____||   _  \     |   ____||  \ |  | |  | |           |\   \  /   / 
   |   (----`|  |__   |  |_)  |    |  |__   |   \|  | |  | `---|  |----` \   \/   /  
    \   \    |   __|  |      /     |   __|  |  . `  | |  |     |  |       \_    _/   
.----)   |   |  |____ |  |\  \----.|  |____ |  |\   | |  |     |  |         |  |     
|_______/    |_______|| _| `._____||_______||__| \__| |__|     |__|         |__|    
                                                                                     
 News and tutorials at http://www.serenity-bdd.info                                  
 Documentation at https://wakaleo.gitbooks.io/the-serenity-book/content/             
 Join the Serenity Community on Rocket Chat at https://serenity-bdd.rocket.chat      
 Serenity BDD Support and Training at http://serenity-bdd.info/#/trainingandsupport  
 Learn Serenity BDD online at http://serenity-dojo.com                               
-------------------------------------------------------------------------------------

[Test worker] INFO net.thucydides.core.steps.ConsoleLoggingListener - Test Suite Started: Agregar producto en Target
[Test worker] INFO net.thucydides.core.steps.ConsoleLoggingListener - 
 _____ _____ ____ _____   ____ _____  _    ____ _____ _____ ____  
|_   _| ____/ ___|_   _| / ___|_   _|/ \  |  _ \_   _| ____|  _ \ 
  | | |  _| \___ \ | |   \___ \ | | / _ \ | |_) || | |  _| | | | |
  | | | |___ ___) || |    ___) || |/ ___ \|  _ < | | | |___| |_| |
  |_| |_____|____/ |_|   |____/ |_/_/   \_\_| \_\|_| |_____|____/ 
                                                                  

TEST STARTED: Agregar un nuevo producto
-------------------------------------------------------------------(agregar-producto-en-target;agregar-un-nuevo-producto)
]]></system-err>
</testsuite>
